#
# There is insufficient memory for the Java Runtime Environment to continue.
# Native memory allocation (malloc) failed to allocate 17511120 bytes. Error detail: Chunk::new
# Possible reasons:
#   The system is out of physical RAM or swap space
#   This process is running with CompressedOops enabled, and the Java Heap may be blocking the growth of the native heap
# Possible solutions:
#   Reduce memory load on the system
#   Increase physical memory or swap space
#   Check if swap backing store is full
#   Decrease Java heap size (-Xmx/-Xms)
#   Decrease number of Java threads
#   Decrease Java thread stack sizes (-Xss)
#   Set larger code cache with -XX:ReservedCodeCacheSize=
#   JVM is running with Unscaled Compressed Oops mode in which the Java heap is
#     placed in the first 4GB address space. The Java Heap base address is the
#     maximum limit for the native heap growth. Please use -XX:HeapBaseMinAddress
#     to set the Java Heap base and to place the Java Heap above 4GB virtual address.
# This output file may be truncated or incomplete.
#
#  Out of Memory Error (arena.cpp:162), pid=7428, tid=12908
#
# JRE version: Java(TM) SE Runtime Environment (24.0+36) (build 24+36-3646)
# Java VM: Java HotSpot(TM) 64-Bit Server VM (24+36-3646, mixed mode, sharing, tiered, compressed oops, compressed class ptrs, g1 gc, windows-amd64)
# No core dump will be written. Minidumps are not enabled by default on client versions of Windows
#

---------------  S U M M A R Y ------------

Command Line: --add-opens=java.base/java.lang=ALL-UNNAMED --add-opens=java.base/java.lang.invoke=ALL-UNNAMED --add-opens=java.base/java.util=ALL-UNNAMED --add-opens=java.prefs/java.util.prefs=ALL-UNNAMED --add-exports=jdk.compiler/com.sun.tools.javac.api=ALL-UNNAMED --add-exports=jdk.compiler/com.sun.tools.javac.util=ALL-UNNAMED --add-opens=java.base/java.util=ALL-UNNAMED --add-opens=java.prefs/java.util.prefs=ALL-UNNAMED --add-opens=java.base/java.nio.charset=ALL-UNNAMED --add-opens=java.base/java.net=ALL-UNNAMED --add-opens=java.base/java.util.concurrent.atomic=ALL-UNNAMED --add-opens=java.xml/javax.xml.namespace=ALL-UNNAMED --add-opens=jdk.compiler/com.sun.tools.javac.main=ALL-UNNAMED --add-opens=jdk.compiler/com.sun.tools.javac.util=ALL-UNNAMED --add-opens=jdk.compiler/com.sun.tools.javac.file=ALL-UNNAMED --add-opens=jdk.compiler/com.sun.tools.javac.tree=ALL-UNNAMED --add-opens=jdk.compiler/com.sun.tools.javac.processing=ALL-UNNAMED --add-opens=jdk.compiler/com.sun.tools.javac.comp=ALL-UNNAMED --add-opens=jdk.compiler/com.sun.tools.javac.jvm=ALL-UNNAMED -Xmx2048m -Dfile.encoding=UTF-8 -Duser.country=US -Duser.language=en -Duser.variant -javaagent:C:\Users\INTEL-PC\.gradle\wrapper\dists\gradle-8.11.1-bin\bpt9gzteqjrbo1mjrsomdt32c\gradle-8.11.1\lib\agents\gradle-instrumentation-agent-8.11.1.jar org.gradle.launcher.daemon.bootstrap.GradleDaemon 8.11.1

Host: Intel(R) Core(TM) i5-8350U CPU @ 1.70GHz, 8 cores, 7G,  Windows 11 , 64 bit Build 26100 (10.0.26100.3323)
Time: Fri Apr  4 08:22:30 2025 Iran Standard Time elapsed time: 6.956121 seconds (0d 0h 0m 6s)

---------------  T H R E A D  ---------------

Current thread (0x000001ae9f4c2ae0):  JavaThread "C2 CompilerThread1" daemon [_thread_in_native, id=12908, stack(0x0000005028f00000,0x0000005029000000) (1024K)]


Current CompileTask:
C2:6956 2977       4       java.lang.invoke.MethodType::makeImpl (155 bytes)

Stack: [0x0000005028f00000,0x0000005029000000]
Native frames: (J=compiled Java code, j=interpreted, Vv=VM code, C=native code)
V  [jvm.dll+0x7308c9]  (no source info available)
V  [jvm.dll+0x8d9ca3]  (no source info available)
V  [jvm.dll+0x8dc13d]  (no source info available)
V  [jvm.dll+0x8dc7b3]  (no source info available)
V  [jvm.dll+0x2aa046]  (no source info available)
V  [jvm.dll+0xced8f]  (no source info available)
V  [jvm.dll+0xcefef]  (no source info available)
V  [jvm.dll+0x154d23]  (no source info available)
V  [jvm.dll+0x7360ef]  (no source info available)
V  [jvm.dll+0x26f9dc]  (no source info available)
V  [jvm.dll+0x26e9ff]  (no source info available)
V  [jvm.dll+0x1e9d00]  (no source info available)
V  [jvm.dll+0x27e1bb]  (no source info available)
V  [jvm.dll+0x27c45a]  (no source info available)
V  [jvm.dll+0x42f566]  (no source info available)
V  [jvm.dll+0x87d8fb]  (no source info available)
V  [jvm.dll+0x72efe5]  (no source info available)
C  [ucrtbase.dll+0x37b0]  (no source info available)
C  [KERNEL32.DLL+0x2e8d7]  (no source info available)
C  [ntdll.dll+0xbbf6c]  (no source info available)

Lock stack of current Java thread (top to bottom):


---------------  P R O C E S S  ---------------

Threads class SMR info:
_java_thread_list=0x000001aee6fdd530, length=26, elements={
0x000001ae8255f470, 0x000001ae9f493870, 0x000001ae9f4940b0, 0x000001ae9f499cd0,
0x000001ae9f49aa80, 0x000001ae9f49e130, 0x000001ae9f49f900, 0x000001ae9f4a9f80,
0x000001ae9f4c0510, 0x000001ae9f554290, 0x000001ae9f69f4b0, 0x000001aee676aeb0,
0x000001aee6788b60, 0x000001aee5d66dc0, 0x000001aee687d990, 0x000001aee687e0d0,
0x000001aee68ed6e0, 0x000001aee68eecd0, 0x000001aee68ecf90, 0x000001aee68ef420,
0x000001aee68ec0f0, 0x000001aee68ee580, 0x000001aee68ede30, 0x000001aee6a90d10,
0x000001ae9f4c2ae0, 0x000001ae9f4c0ca0
}

Java Threads: ( => current thread )
  0x000001ae8255f470 JavaThread "main"                              [_thread_blocked, id=2848, stack(0x0000005026e00000,0x0000005026f00000) (1024K)]
  0x000001ae9f493870 JavaThread "Reference Handler"          daemon [_thread_blocked, id=12148, stack(0x0000005027600000,0x0000005027700000) (1024K)]
  0x000001ae9f4940b0 JavaThread "Finalizer"                  daemon [_thread_blocked, id=3020, stack(0x0000005027700000,0x0000005027800000) (1024K)]
  0x000001ae9f499cd0 JavaThread "Signal Dispatcher"          daemon [_thread_blocked, id=14132, stack(0x0000005027800000,0x0000005027900000) (1024K)]
  0x000001ae9f49aa80 JavaThread "Attach Listener"            daemon [_thread_blocked, id=8460, stack(0x0000005027900000,0x0000005027a00000) (1024K)]
  0x000001ae9f49e130 JavaThread "Service Thread"             daemon [_thread_blocked, id=11620, stack(0x0000005027a00000,0x0000005027b00000) (1024K)]
  0x000001ae9f49f900 JavaThread "Monitor Deflation Thread"   daemon [_thread_blocked, id=3192, stack(0x0000005027b00000,0x0000005027c00000) (1024K)]
  0x000001ae9f4a9f80 JavaThread "C2 CompilerThread0"         daemon [_thread_in_native, id=6488, stack(0x0000005027c00000,0x0000005027d00000) (1024K)]
  0x000001ae9f4c0510 JavaThread "C1 CompilerThread0"         daemon [_thread_blocked, id=12956, stack(0x0000005027d00000,0x0000005027e00000) (1024K)]
  0x000001ae9f554290 JavaThread "Common-Cleaner"             daemon [_thread_blocked, id=7716, stack(0x0000005027e00000,0x0000005027f00000) (1024K)]
  0x000001ae9f69f4b0 JavaThread "Notification Thread"        daemon [_thread_blocked, id=7540, stack(0x0000005027f00000,0x0000005028000000) (1024K)]
  0x000001aee676aeb0 JavaThread "Daemon health stats"               [_thread_blocked, id=2788, stack(0x0000005028100000,0x0000005028200000) (1024K)]
  0x000001aee6788b60 JavaThread "Incoming local TCP Connector on port 55920"        [_thread_in_native, id=6548, stack(0x0000005028400000,0x0000005028500000) (1024K)]
  0x000001aee5d66dc0 JavaThread "Daemon periodic checks"            [_thread_blocked, id=2336, stack(0x0000005028500000,0x0000005028600000) (1024K)]
  0x000001aee687d990 JavaThread "Daemon"                            [_thread_blocked, id=12040, stack(0x0000005028600000,0x0000005028700000) (1024K)]
  0x000001aee687e0d0 JavaThread "Handler for socket connection from /127.0.0.1:55920 to /127.0.0.1:55921"        [_thread_in_native, id=6800, stack(0x0000005028700000,0x0000005028800000) (1024K)]
  0x000001aee68ed6e0 JavaThread "Cancel handler"                    [_thread_blocked, id=6668, stack(0x0000005028800000,0x0000005028900000) (1024K)]
  0x000001aee68eecd0 JavaThread "Daemon worker"                     [_thread_in_native, id=13412, stack(0x0000005028900000,0x0000005028a00000) (1024K)]
  0x000001aee68ecf90 JavaThread "Asynchronous log dispatcher for DefaultDaemonConnection: socket connection from /127.0.0.1:55920 to /127.0.0.1:55921"        [_thread_blocked, id=6456, stack(0x0000005028a00000,0x0000005028b00000) (1024K)]
  0x000001aee68ef420 JavaThread "Stdin handler"                     [_thread_blocked, id=7976, stack(0x0000005028b00000,0x0000005028c00000) (1024K)]
  0x000001aee68ec0f0 JavaThread "Daemon client event forwarder"        [_thread_blocked, id=5216, stack(0x0000005028c00000,0x0000005028d00000) (1024K)]
  0x000001aee68ee580 JavaThread "Cache worker for journal cache (C:\Users\INTEL-PC\.gradle\caches\journal-1)"        [_thread_blocked, id=100, stack(0x0000005028000000,0x0000005028100000) (1024K)]
  0x000001aee68ede30 JavaThread "File lock request listener"        [_thread_in_native, id=11372, stack(0x0000005028d00000,0x0000005028e00000) (1024K)]
  0x000001aee6a90d10 JavaThread "Cache worker for file hash cache (C:\Users\INTEL-PC\.gradle\caches\8.11.1\fileHashes)"        [_thread_blocked, id=4444, stack(0x0000005028e00000,0x0000005028f00000) (1024K)]
=>0x000001ae9f4c2ae0 JavaThread "C2 CompilerThread1"         daemon [_thread_in_native, id=12908, stack(0x0000005028f00000,0x0000005029000000) (1024K)]
  0x000001ae9f4c0ca0 JavaThread "C2 CompilerThread2"         daemon [_thread_blocked, id=6904, stack(0x0000005029500000,0x0000005029600000) (1024K)]
Total: 26

Other Threads:
  0x000001ae9f484f70 VMThread "VM Thread"                           [id=7900, stack(0x0000005027500000,0x0000005027600000) (1024K)]
  0x000001ae9f476a30 WatcherThread "VM Periodic Task Thread"        [id=7964, stack(0x0000005027400000,0x0000005027500000) (1024K)]
  0x000001ae825b7e60 WorkerThread "GC Thread#0"                     [id=15032, stack(0x0000005026f00000,0x0000005027000000) (1024K)]
  0x000001aee5e46ac0 WorkerThread "GC Thread#1"                     [id=15048, stack(0x0000005028200000,0x0000005028300000) (1024K)]
  0x000001aee5e051d0 WorkerThread "GC Thread#2"                     [id=1804, stack(0x0000005028300000,0x0000005028400000) (1024K)]
  0x000001aee699f6a0 WorkerThread "GC Thread#3"                     [id=10604, stack(0x0000005029000000,0x0000005029100000) (1024K)]
  0x000001aee699fa50 WorkerThread "GC Thread#4"                     [id=6016, stack(0x0000005029100000,0x0000005029200000) (1024K)]
  0x000001aee699eb90 WorkerThread "GC Thread#5"                     [id=11532, stack(0x0000005029200000,0x0000005029300000) (1024K)]
  0x000001aee699e430 WorkerThread "GC Thread#6"                     [id=6040, stack(0x0000005029300000,0x0000005029400000) (1024K)]
  0x000001aee699fe00 WorkerThread "GC Thread#7"                     [id=13444, stack(0x0000005029400000,0x0000005029500000) (1024K)]
  0x000001ae825cdcb0 ConcurrentGCThread "G1 Main Marker"            [id=11404, stack(0x0000005027000000,0x0000005027100000) (1024K)]
  0x000001ae825cfe80 WorkerThread "G1 Conc#0"                       [id=14536, stack(0x0000005027100000,0x0000005027200000) (1024K)]
  0x000001ae8261e090 ConcurrentGCThread "G1 Refine#0"               [id=8880, stack(0x0000005027200000,0x0000005027300000) (1024K)]
  0x000001ae8261eb20 ConcurrentGCThread "G1 Service"                [id=6288, stack(0x0000005027300000,0x0000005027400000) (1024K)]
Total: 14

Threads with active compile tasks:
C2 CompilerThread0  7072 3067   !   4       java.lang.ClassLoader::loadClass (121 bytes)
C2 CompilerThread1  7072 2977       4       java.lang.invoke.MethodType::makeImpl (155 bytes)
Total: 2

VM state: not at safepoint (normal execution)

VM Mutex/Monitor currently owned by a thread: None

Heap address: 0x0000000080000000, size: 2048 MB, Compressed Oops mode: 32-bit

CDS archive(s) mapped at: [0x000001aea0000000-0x000001aea0d40000-0x000001aea0d40000), size 13893632, SharedBaseAddress: 0x000001aea0000000, ArchiveRelocationMode: 1.
Compressed class space mapped at: 0x000001aea1000000-0x000001aee1000000, reserved size: 1073741824
UseCompressedClassPointers 1, UseCompactObjectHeaders 0
Narrow klass pointer bits 32, Max shift 3
Narrow klass base: 0x000001aea0000000, Narrow klass shift: 0
Encoding Range: [0x000001aea0000000 - 0x000001afa0000000), (4294967296 bytes)
Klass Range:    [0x000001aea0000000 - 0x000001aee1000000), (1090519040 bytes)
Klass ID Range:  [8 - 1090519033) (1090519025)

GC Precious Log:
 CardTable entry size: 512
 Card Set container configuration: InlinePtr #cards 5 size 8 Array Of Cards #cards 10 size 36 Howl #buckets 4 coarsen threshold 1843 Howl Bitmap #cards 512 size 80 coarsen threshold 460 Card regions per heap region 1 cards per card region 2048
 CPUs: 8 total, 8 available
 Memory: 8035M
 Large Page Support: Disabled
 NUMA Support: Disabled
 Compressed Oops: Enabled (32-bit)
 Heap Region Size: 1M
 Heap Min Capacity: 8M
 Heap Initial Capacity: 126M
 Heap Max Capacity: 2G
 Pre-touch: Disabled
 Parallel Workers: 8
 Concurrent Workers: 2
 Concurrent Refinement Workers: 8
 Periodic GC: Disabled

Heap:
 garbage-first heap   total reserved 2097152K, committed 131072K, used 47957K [0x0000000080000000, 0x0000000100000000)
  region size 1024K, 31 young (31744K), 5 survivors (5120K)
 Metaspace       used 19115K, committed 19776K, reserved 1114112K
  class space    used 2064K, committed 2368K, reserved 1048576K

Heap Regions: E=young(eden), S=young(survivor), O=old, HS=humongous(starts), HC=humongous(continues), CS=collection set, F=free, TAMS=top-at-mark-start, PB=parsable bottom
|   0|0x0000000080000000, 0x0000000080100000, 0x0000000080100000|100%|HS|  |TAMS 0x0000000080000000| PB 0x0000000080000000| Complete |  0
|   1|0x0000000080100000, 0x0000000080200000, 0x0000000080200000|100%|HC|  |TAMS 0x0000000080100000| PB 0x0000000080100000| Complete |  0
|   2|0x0000000080200000, 0x0000000080300000, 0x0000000080300000|100%|HC|  |TAMS 0x0000000080200000| PB 0x0000000080200000| Complete |  0
|   3|0x0000000080300000, 0x0000000080400000, 0x0000000080400000|100%| O|  |TAMS 0x0000000080300000| PB 0x0000000080300000| Untracked |  0
|   4|0x0000000080400000, 0x0000000080500000, 0x0000000080500000|100%|HS|  |TAMS 0x0000000080400000| PB 0x0000000080400000| Complete |  0
|   5|0x0000000080500000, 0x0000000080600000, 0x0000000080600000|100%| O|  |TAMS 0x0000000080500000| PB 0x0000000080500000| Untracked |  0
|   6|0x0000000080600000, 0x0000000080700000, 0x0000000080700000|100%| O|  |TAMS 0x0000000080600000| PB 0x0000000080600000| Untracked |  0
|   7|0x0000000080700000, 0x0000000080800000, 0x0000000080800000|100%| O|  |TAMS 0x0000000080700000| PB 0x0000000080700000| Untracked |  0
|   8|0x0000000080800000, 0x0000000080900000, 0x0000000080900000|100%| O|  |TAMS 0x0000000080800000| PB 0x0000000080800000| Untracked |  0
|   9|0x0000000080900000, 0x0000000080a00000, 0x0000000080a00000|100%| O|  |TAMS 0x0000000080900000| PB 0x0000000080900000| Untracked |  0
|  10|0x0000000080a00000, 0x0000000080b00000, 0x0000000080b00000|100%| O|  |TAMS 0x0000000080a00000| PB 0x0000000080a00000| Untracked |  0
|  11|0x0000000080b00000, 0x0000000080c00000, 0x0000000080c00000|100%| O|  |TAMS 0x0000000080b00000| PB 0x0000000080b00000| Untracked |  0
|  12|0x0000000080c00000, 0x0000000080d00000, 0x0000000080d00000|100%| O|  |TAMS 0x0000000080c00000| PB 0x0000000080c00000| Untracked |  0
|  13|0x0000000080d00000, 0x0000000080e00000, 0x0000000080e00000|100%| O|  |TAMS 0x0000000080d00000| PB 0x0000000080d00000| Untracked |  0
|  14|0x0000000080e00000, 0x0000000080f00000, 0x0000000080f00000|100%| O|  |TAMS 0x0000000080e00000| PB 0x0000000080e00000| Untracked |  0
|  15|0x0000000080f00000, 0x0000000080fe9050, 0x0000000081000000| 91%| O|  |TAMS 0x0000000080f00000| PB 0x0000000080f00000| Untracked |  0
|  16|0x0000000081000000, 0x0000000081000000, 0x0000000081100000|  0%| F|  |TAMS 0x0000000081000000| PB 0x0000000081000000| Untracked |  0
|  17|0x0000000081100000, 0x0000000081100000, 0x0000000081200000|  0%| F|  |TAMS 0x0000000081100000| PB 0x0000000081100000| Untracked |  0
|  18|0x0000000081200000, 0x0000000081200000, 0x0000000081300000|  0%| F|  |TAMS 0x0000000081200000| PB 0x0000000081200000| Untracked |  0
|  19|0x0000000081300000, 0x0000000081300000, 0x0000000081400000|  0%| F|  |TAMS 0x0000000081300000| PB 0x0000000081300000| Untracked |  0
|  20|0x0000000081400000, 0x0000000081400000, 0x0000000081500000|  0%| F|  |TAMS 0x0000000081400000| PB 0x0000000081400000| Untracked |  0
|  21|0x0000000081500000, 0x0000000081500000, 0x0000000081600000|  0%| F|  |TAMS 0x0000000081500000| PB 0x0000000081500000| Untracked |  0
|  22|0x0000000081600000, 0x0000000081600000, 0x0000000081700000|  0%| F|  |TAMS 0x0000000081600000| PB 0x0000000081600000| Untracked |  0
|  23|0x0000000081700000, 0x0000000081700000, 0x0000000081800000|  0%| F|  |TAMS 0x0000000081700000| PB 0x0000000081700000| Untracked |  0
|  24|0x0000000081800000, 0x0000000081800000, 0x0000000081900000|  0%| F|  |TAMS 0x0000000081800000| PB 0x0000000081800000| Untracked |  0
|  25|0x0000000081900000, 0x0000000081900000, 0x0000000081a00000|  0%| F|  |TAMS 0x0000000081900000| PB 0x0000000081900000| Untracked |  0
|  26|0x0000000081a00000, 0x0000000081a00000, 0x0000000081b00000|  0%| F|  |TAMS 0x0000000081a00000| PB 0x0000000081a00000| Untracked |  0
|  27|0x0000000081b00000, 0x0000000081b00000, 0x0000000081c00000|  0%| F|  |TAMS 0x0000000081b00000| PB 0x0000000081b00000| Untracked |  0
|  28|0x0000000081c00000, 0x0000000081c00000, 0x0000000081d00000|  0%| F|  |TAMS 0x0000000081c00000| PB 0x0000000081c00000| Untracked |  0
|  29|0x0000000081d00000, 0x0000000081d00000, 0x0000000081e00000|  0%| F|  |TAMS 0x0000000081d00000| PB 0x0000000081d00000| Untracked |  0
|  30|0x0000000081e00000, 0x0000000081e00000, 0x0000000081f00000|  0%| F|  |TAMS 0x0000000081e00000| PB 0x0000000081e00000| Untracked |  0
|  31|0x0000000081f00000, 0x0000000081f00000, 0x0000000082000000|  0%| F|  |TAMS 0x0000000081f00000| PB 0x0000000081f00000| Untracked |  0
|  32|0x0000000082000000, 0x0000000082000000, 0x0000000082100000|  0%| F|  |TAMS 0x0000000082000000| PB 0x0000000082000000| Untracked |  0
|  33|0x0000000082100000, 0x0000000082100000, 0x0000000082200000|  0%| F|  |TAMS 0x0000000082100000| PB 0x0000000082100000| Untracked |  0
|  34|0x0000000082200000, 0x0000000082200000, 0x0000000082300000|  0%| F|  |TAMS 0x0000000082200000| PB 0x0000000082200000| Untracked |  0
|  35|0x0000000082300000, 0x0000000082300000, 0x0000000082400000|  0%| F|  |TAMS 0x0000000082300000| PB 0x0000000082300000| Untracked |  0
|  36|0x0000000082400000, 0x0000000082400000, 0x0000000082500000|  0%| F|  |TAMS 0x0000000082400000| PB 0x0000000082400000| Untracked |  0
|  37|0x0000000082500000, 0x0000000082500000, 0x0000000082600000|  0%| F|  |TAMS 0x0000000082500000| PB 0x0000000082500000| Untracked |  0
|  38|0x0000000082600000, 0x0000000082600000, 0x0000000082700000|  0%| F|  |TAMS 0x0000000082600000| PB 0x0000000082600000| Untracked |  0
|  39|0x0000000082700000, 0x0000000082700000, 0x0000000082800000|  0%| F|  |TAMS 0x0000000082700000| PB 0x0000000082700000| Untracked |  0
|  40|0x0000000082800000, 0x0000000082800000, 0x0000000082900000|  0%| F|  |TAMS 0x0000000082800000| PB 0x0000000082800000| Untracked |  0
|  41|0x0000000082900000, 0x0000000082900000, 0x0000000082a00000|  0%| F|  |TAMS 0x0000000082900000| PB 0x0000000082900000| Untracked |  0
|  42|0x0000000082a00000, 0x0000000082a00000, 0x0000000082b00000|  0%| F|  |TAMS 0x0000000082a00000| PB 0x0000000082a00000| Untracked |  0
|  43|0x0000000082b00000, 0x0000000082b00000, 0x0000000082c00000|  0%| F|  |TAMS 0x0000000082b00000| PB 0x0000000082b00000| Untracked |  0
|  44|0x0000000082c00000, 0x0000000082c00000, 0x0000000082d00000|  0%| F|  |TAMS 0x0000000082c00000| PB 0x0000000082c00000| Untracked |  0
|  45|0x0000000082d00000, 0x0000000082d00000, 0x0000000082e00000|  0%| F|  |TAMS 0x0000000082d00000| PB 0x0000000082d00000| Untracked |  0
|  46|0x0000000082e00000, 0x0000000082e00000, 0x0000000082f00000|  0%| F|  |TAMS 0x0000000082e00000| PB 0x0000000082e00000| Untracked |  0
|  47|0x0000000082f00000, 0x0000000082f00000, 0x0000000083000000|  0%| F|  |TAMS 0x0000000082f00000| PB 0x0000000082f00000| Untracked |  0
|  48|0x0000000083000000, 0x0000000083000000, 0x0000000083100000|  0%| F|  |TAMS 0x0000000083000000| PB 0x0000000083000000| Untracked |  0
|  49|0x0000000083100000, 0x0000000083100000, 0x0000000083200000|  0%| F|  |TAMS 0x0000000083100000| PB 0x0000000083100000| Untracked |  0
|  50|0x0000000083200000, 0x0000000083200000, 0x0000000083300000|  0%| F|  |TAMS 0x0000000083200000| PB 0x0000000083200000| Untracked |  0
|  51|0x0000000083300000, 0x0000000083300000, 0x0000000083400000|  0%| F|  |TAMS 0x0000000083300000| PB 0x0000000083300000| Untracked |  0
|  52|0x0000000083400000, 0x0000000083400000, 0x0000000083500000|  0%| F|  |TAMS 0x0000000083400000| PB 0x0000000083400000| Untracked |  0
|  53|0x0000000083500000, 0x0000000083500000, 0x0000000083600000|  0%| F|  |TAMS 0x0000000083500000| PB 0x0000000083500000| Untracked |  0
|  54|0x0000000083600000, 0x0000000083600000, 0x0000000083700000|  0%| F|  |TAMS 0x0000000083600000| PB 0x0000000083600000| Untracked |  0
|  55|0x0000000083700000, 0x0000000083700000, 0x0000000083800000|  0%| F|  |TAMS 0x0000000083700000| PB 0x0000000083700000| Untracked |  0
|  56|0x0000000083800000, 0x0000000083800000, 0x0000000083900000|  0%| F|  |TAMS 0x0000000083800000| PB 0x0000000083800000| Untracked |  0
|  57|0x0000000083900000, 0x0000000083900000, 0x0000000083a00000|  0%| F|  |TAMS 0x0000000083900000| PB 0x0000000083900000| Untracked |  0
|  58|0x0000000083a00000, 0x0000000083acf2c0, 0x0000000083b00000| 80%| S|CS|TAMS 0x0000000083a00000| PB 0x0000000083a00000| Complete |  0
|  59|0x0000000083b00000, 0x0000000083c00000, 0x0000000083c00000|100%| S|CS|TAMS 0x0000000083b00000| PB 0x0000000083b00000| Complete |  0
|  60|0x0000000083c00000, 0x0000000083d00000, 0x0000000083d00000|100%| S|CS|TAMS 0x0000000083c00000| PB 0x0000000083c00000| Complete |  0
|  61|0x0000000083d00000, 0x0000000083e00000, 0x0000000083e00000|100%| S|CS|TAMS 0x0000000083d00000| PB 0x0000000083d00000| Complete |  0
|  62|0x0000000083e00000, 0x0000000083f00000, 0x0000000083f00000|100%| S|CS|TAMS 0x0000000083e00000| PB 0x0000000083e00000| Complete |  0
|  63|0x0000000083f00000, 0x0000000083f00000, 0x0000000084000000|  0%| F|  |TAMS 0x0000000083f00000| PB 0x0000000083f00000| Untracked |  0
|  64|0x0000000084000000, 0x0000000084000000, 0x0000000084100000|  0%| F|  |TAMS 0x0000000084000000| PB 0x0000000084000000| Untracked |  0
|  65|0x0000000084100000, 0x0000000084100000, 0x0000000084200000|  0%| F|  |TAMS 0x0000000084100000| PB 0x0000000084100000| Untracked |  0
|  66|0x0000000084200000, 0x0000000084200000, 0x0000000084300000|  0%| F|  |TAMS 0x0000000084200000| PB 0x0000000084200000| Untracked |  0
|  67|0x0000000084300000, 0x0000000084300000, 0x0000000084400000|  0%| F|  |TAMS 0x0000000084300000| PB 0x0000000084300000| Untracked |  0
|  68|0x0000000084400000, 0x0000000084400000, 0x0000000084500000|  0%| F|  |TAMS 0x0000000084400000| PB 0x0000000084400000| Untracked |  0
|  69|0x0000000084500000, 0x0000000084500000, 0x0000000084600000|  0%| F|  |TAMS 0x0000000084500000| PB 0x0000000084500000| Untracked |  0
|  70|0x0000000084600000, 0x0000000084600000, 0x0000000084700000|  0%| F|  |TAMS 0x0000000084600000| PB 0x0000000084600000| Untracked |  0
|  71|0x0000000084700000, 0x0000000084700000, 0x0000000084800000|  0%| F|  |TAMS 0x0000000084700000| PB 0x0000000084700000| Untracked |  0
|  72|0x0000000084800000, 0x0000000084800000, 0x0000000084900000|  0%| F|  |TAMS 0x0000000084800000| PB 0x0000000084800000| Untracked |  0
|  73|0x0000000084900000, 0x0000000084900000, 0x0000000084a00000|  0%| F|  |TAMS 0x0000000084900000| PB 0x0000000084900000| Untracked |  0
|  74|0x0000000084a00000, 0x0000000084a00000, 0x0000000084b00000|  0%| F|  |TAMS 0x0000000084a00000| PB 0x0000000084a00000| Untracked |  0
|  75|0x0000000084b00000, 0x0000000084b00000, 0x0000000084c00000|  0%| F|  |TAMS 0x0000000084b00000| PB 0x0000000084b00000| Untracked |  0
|  76|0x0000000084c00000, 0x0000000084c00000, 0x0000000084d00000|  0%| F|  |TAMS 0x0000000084c00000| PB 0x0000000084c00000| Untracked |  0
|  77|0x0000000084d00000, 0x0000000084d00000, 0x0000000084e00000|  0%| F|  |TAMS 0x0000000084d00000| PB 0x0000000084d00000| Untracked |  0
|  78|0x0000000084e00000, 0x0000000084e00000, 0x0000000084f00000|  0%| F|  |TAMS 0x0000000084e00000| PB 0x0000000084e00000| Untracked |  0
|  79|0x0000000084f00000, 0x0000000084f00000, 0x0000000085000000|  0%| F|  |TAMS 0x0000000084f00000| PB 0x0000000084f00000| Untracked |  0
|  80|0x0000000085000000, 0x0000000085000000, 0x0000000085100000|  0%| F|  |TAMS 0x0000000085000000| PB 0x0000000085000000| Untracked |  0
|  81|0x0000000085100000, 0x0000000085100000, 0x0000000085200000|  0%| F|  |TAMS 0x0000000085100000| PB 0x0000000085100000| Untracked |  0
|  82|0x0000000085200000, 0x0000000085200000, 0x0000000085300000|  0%| F|  |TAMS 0x0000000085200000| PB 0x0000000085200000| Untracked |  0
|  83|0x0000000085300000, 0x0000000085300000, 0x0000000085400000|  0%| F|  |TAMS 0x0000000085300000| PB 0x0000000085300000| Untracked |  0
|  84|0x0000000085400000, 0x0000000085400000, 0x0000000085500000|  0%| F|  |TAMS 0x0000000085400000| PB 0x0000000085400000| Untracked |  0
|  85|0x0000000085500000, 0x0000000085500000, 0x0000000085600000|  0%| F|  |TAMS 0x0000000085500000| PB 0x0000000085500000| Untracked |  0
|  86|0x0000000085600000, 0x0000000085600000, 0x0000000085700000|  0%| F|  |TAMS 0x0000000085600000| PB 0x0000000085600000| Untracked |  0
|  87|0x0000000085700000, 0x0000000085700000, 0x0000000085800000|  0%| F|  |TAMS 0x0000000085700000| PB 0x0000000085700000| Untracked |  0
|  88|0x0000000085800000, 0x0000000085800000, 0x0000000085900000|  0%| F|  |TAMS 0x0000000085800000| PB 0x0000000085800000| Untracked |  0
|  89|0x0000000085900000, 0x0000000085900000, 0x0000000085a00000|  0%| F|  |TAMS 0x0000000085900000| PB 0x0000000085900000| Untracked |  0
|  90|0x0000000085a00000, 0x0000000085a00000, 0x0000000085b00000|  0%| F|  |TAMS 0x0000000085a00000| PB 0x0000000085a00000| Untracked |  0
|  91|0x0000000085b00000, 0x0000000085b00000, 0x0000000085c00000|  0%| F|  |TAMS 0x0000000085b00000| PB 0x0000000085b00000| Untracked |  0
|  92|0x0000000085c00000, 0x0000000085c00000, 0x0000000085d00000|  0%| F|  |TAMS 0x0000000085c00000| PB 0x0000000085c00000| Untracked |  0
|  93|0x0000000085d00000, 0x0000000085d00000, 0x0000000085e00000|  0%| F|  |TAMS 0x0000000085d00000| PB 0x0000000085d00000| Untracked |  0
|  94|0x0000000085e00000, 0x0000000085e00000, 0x0000000085f00000|  0%| F|  |TAMS 0x0000000085e00000| PB 0x0000000085e00000| Untracked |  0
|  95|0x0000000085f00000, 0x0000000085f00000, 0x0000000086000000|  0%| F|  |TAMS 0x0000000085f00000| PB 0x0000000085f00000| Untracked |  0
|  96|0x0000000086000000, 0x0000000086000000, 0x0000000086100000|  0%| F|  |TAMS 0x0000000086000000| PB 0x0000000086000000| Untracked |  0
|  97|0x0000000086100000, 0x0000000086100000, 0x0000000086200000|  0%| F|  |TAMS 0x0000000086100000| PB 0x0000000086100000| Untracked |  0
|  98|0x0000000086200000, 0x0000000086200000, 0x0000000086300000|  0%| F|  |TAMS 0x0000000086200000| PB 0x0000000086200000| Untracked |  0
|  99|0x0000000086300000, 0x0000000086300000, 0x0000000086400000|  0%| F|  |TAMS 0x0000000086300000| PB 0x0000000086300000| Untracked |  0
| 100|0x0000000086400000, 0x0000000086480000, 0x0000000086500000| 50%| E|  |TAMS 0x0000000086400000| PB 0x0000000086400000| Complete |  0
| 101|0x0000000086500000, 0x0000000086600000, 0x0000000086600000|100%| E|CS|TAMS 0x0000000086500000| PB 0x0000000086500000| Complete |  0
| 102|0x0000000086600000, 0x0000000086700000, 0x0000000086700000|100%| E|CS|TAMS 0x0000000086600000| PB 0x0000000086600000| Complete |  0
| 103|0x0000000086700000, 0x0000000086800000, 0x0000000086800000|100%| E|CS|TAMS 0x0000000086700000| PB 0x0000000086700000| Complete |  0
| 104|0x0000000086800000, 0x0000000086900000, 0x0000000086900000|100%| E|CS|TAMS 0x0000000086800000| PB 0x0000000086800000| Complete |  0
| 105|0x0000000086900000, 0x0000000086a00000, 0x0000000086a00000|100%| E|CS|TAMS 0x0000000086900000| PB 0x0000000086900000| Complete |  0
| 106|0x0000000086a00000, 0x0000000086b00000, 0x0000000086b00000|100%| E|CS|TAMS 0x0000000086a00000| PB 0x0000000086a00000| Complete |  0
| 107|0x0000000086b00000, 0x0000000086c00000, 0x0000000086c00000|100%| E|CS|TAMS 0x0000000086b00000| PB 0x0000000086b00000| Complete |  0
| 108|0x0000000086c00000, 0x0000000086d00000, 0x0000000086d00000|100%| E|CS|TAMS 0x0000000086c00000| PB 0x0000000086c00000| Complete |  0
| 109|0x0000000086d00000, 0x0000000086e00000, 0x0000000086e00000|100%| E|CS|TAMS 0x0000000086d00000| PB 0x0000000086d00000| Complete |  0
| 110|0x0000000086e00000, 0x0000000086f00000, 0x0000000086f00000|100%| E|CS|TAMS 0x0000000086e00000| PB 0x0000000086e00000| Complete |  0
| 111|0x0000000086f00000, 0x0000000087000000, 0x0000000087000000|100%| E|CS|TAMS 0x0000000086f00000| PB 0x0000000086f00000| Complete |  0
| 112|0x0000000087000000, 0x0000000087100000, 0x0000000087100000|100%| E|CS|TAMS 0x0000000087000000| PB 0x0000000087000000| Complete |  0
| 113|0x0000000087100000, 0x0000000087200000, 0x0000000087200000|100%| E|CS|TAMS 0x0000000087100000| PB 0x0000000087100000| Complete |  0
| 114|0x0000000087200000, 0x0000000087300000, 0x0000000087300000|100%| E|CS|TAMS 0x0000000087200000| PB 0x0000000087200000| Complete |  0
| 115|0x0000000087300000, 0x0000000087400000, 0x0000000087400000|100%| E|CS|TAMS 0x0000000087300000| PB 0x0000000087300000| Complete |  0
| 116|0x0000000087400000, 0x0000000087500000, 0x0000000087500000|100%| E|CS|TAMS 0x0000000087400000| PB 0x0000000087400000| Complete |  0
| 117|0x0000000087500000, 0x0000000087600000, 0x0000000087600000|100%| E|CS|TAMS 0x0000000087500000| PB 0x0000000087500000| Complete |  0
| 118|0x0000000087600000, 0x0000000087700000, 0x0000000087700000|100%| E|CS|TAMS 0x0000000087600000| PB 0x0000000087600000| Complete |  0
| 119|0x0000000087700000, 0x0000000087800000, 0x0000000087800000|100%| E|CS|TAMS 0x0000000087700000| PB 0x0000000087700000| Complete |  0
| 120|0x0000000087800000, 0x0000000087900000, 0x0000000087900000|100%| E|CS|TAMS 0x0000000087800000| PB 0x0000000087800000| Complete |  0
| 121|0x0000000087900000, 0x0000000087a00000, 0x0000000087a00000|100%| E|CS|TAMS 0x0000000087900000| PB 0x0000000087900000| Complete |  0
| 122|0x0000000087a00000, 0x0000000087b00000, 0x0000000087b00000|100%| E|CS|TAMS 0x0000000087a00000| PB 0x0000000087a00000| Complete |  0
| 123|0x0000000087b00000, 0x0000000087c00000, 0x0000000087c00000|100%| E|CS|TAMS 0x0000000087b00000| PB 0x0000000087b00000| Complete |  0
| 124|0x0000000087c00000, 0x0000000087d00000, 0x0000000087d00000|100%| E|CS|TAMS 0x0000000087c00000| PB 0x0000000087c00000| Complete |  0
| 125|0x0000000087d00000, 0x0000000087e00000, 0x0000000087e00000|100%| E|CS|TAMS 0x0000000087d00000| PB 0x0000000087d00000| Complete |  0
|2046|0x00000000ffe00000, 0x00000000fff00000, 0x00000000fff00000|100%| O|  |TAMS 0x00000000ffe00000| PB 0x00000000ffe00000| Untracked |  0
|2047|0x00000000fff00000, 0x00000000fff1d3c0, 0x0000000100000000| 11%| O|  |TAMS 0x00000000fff00000| PB 0x00000000fff00000| Untracked |  0

Card table byte_map: [0x000001ae9a640000,0x000001ae9aa40000] _byte_map_base: 0x000001ae9a240000

Marking Bits: (CMBitMap*) 0x000001ae825b8480
 Bits: [0x000001ae9aa40000, 0x000001ae9ca40000)

Polling page: 0x000001ae80330000

Metaspace:

Usage:
  Non-class:     16.68 MB used.
      Class:      2.02 MB used.
       Both:     18.70 MB used.

Virtual space:
  Non-class space:       64.00 MB reserved,      17.00 MB ( 27%) committed,  1 nodes.
      Class space:        1.00 GB reserved,       2.31 MB ( <1%) committed,  1 nodes.
             Both:        1.06 GB reserved,      19.31 MB (  2%) committed. 

Chunk freelists:
   Non-Class:  14.88 MB
       Class:  13.61 MB
        Both:  28.48 MB

MaxMetaspaceSize: unlimited
CompressedClassSpaceSize: 1.00 GB
Initial GC threshold: 21.00 MB
Current GC threshold: 21.00 MB
CDS: on
 - commit_granule_bytes: 65536.
 - commit_granule_words: 8192.
 - virtual_space_node_default_size: 8388608.
 - enlarge_chunks_in_place: 1.
UseCompressedClassPointers 1, UseCompactObjectHeaders 0
Narrow klass pointer bits 32, Max shift 3
Narrow klass base: 0x000001aea0000000, Narrow klass shift: 0
Encoding Range: [0x000001aea0000000 - 0x000001afa0000000), (4294967296 bytes)
Klass Range:    [0x000001aea0000000 - 0x000001aee1000000), (1090519040 bytes)
Klass ID Range:  [8 - 1090519033) (1090519025)


Internal statistics:

num_allocs_failed_limit: 0.
num_arena_births: 834.
num_arena_deaths: 0.
num_vsnodes_births: 2.
num_vsnodes_deaths: 0.
num_space_committed: 309.
num_space_uncommitted: 0.
num_chunks_returned_to_freelist: 0.
num_chunks_taken_from_freelist: 1536.
num_chunk_merges: 0.
num_chunk_splits: 1006.
num_chunks_enlarged: 681.
num_inconsistent_stats: 0.

CodeHeap 'non-profiled nmethods': size=120064Kb used=1251Kb max_used=1251Kb free=118812Kb
 bounds [0x000001ae928c0000, 0x000001ae92b30000, 0x000001ae99e00000]
CodeHeap 'profiled nmethods': size=120000Kb used=5438Kb max_used=5438Kb free=114561Kb
 bounds [0x000001ae8ae00000, 0x000001ae8b350000, 0x000001ae92330000]
CodeHeap 'non-nmethods': size=5696Kb used=1434Kb max_used=1464Kb free=4261Kb
 bounds [0x000001ae92330000, 0x000001ae925a0000, 0x000001ae928c0000]
CodeCache: size=245760Kb, used=8123Kb, max_used=8153Kb, free=237634Kb
 total_blobs=3779, nmethods=3182, adapters=501, full_count=0
Compilation: enabled, stopped_count=0, restarted_count=0

Compilation events (20 events):
Event: 4.895 Thread 0x000001ae9f4c0510 nmethod 3145 0x000001ae929f0908 code [0x000001ae929f0a00, 0x000001ae929f0ac8]
Event: 4.897 Thread 0x000001ae9f4c0ca0 nmethod 3106 0x000001ae929f0c08 code [0x000001ae929f0d40, 0x000001ae929f0f38]
Event: 4.898 Thread 0x000001ae9f4c0ca0 3141       4       jdk.internal.constant.MethodTypeDescImpl::buildDescriptorString (205 bytes)
Event: 4.906 Thread 0x000001ae9f4c0510 3148   !   3       java.util.concurrent.locks.LockSupport::parkNanos (61 bytes)
Event: 4.907 Thread 0x000001ae9f4c0510 nmethod 3148 0x000001ae8b33a508 code [0x000001ae8b33a680, 0x000001ae8b33abc8]
Event: 4.907 Thread 0x000001ae9f4c0510 3149       3       java.lang.invoke.MethodType::isConvertibleTo (164 bytes)
Event: 4.908 Thread 0x000001ae9f4c0510 nmethod 3149 0x000001ae8b33ac08 code [0x000001ae8b33ade0, 0x000001ae8b33b968]
Event: 4.908 Thread 0x000001ae9f4c0510 3150       3       java.lang.invoke.MethodHandleImpl::makePairwiseConvert (22 bytes)
Event: 4.909 Thread 0x000001ae9f4c0510 nmethod 3150 0x000001ae8b33ba08 code [0x000001ae8b33bb40, 0x000001ae8b33bd48]
Event: 4.928 Thread 0x000001ae9f4c0510 3151       1       org.gradle.launcher.daemon.server.exec.DaemonConnectionBackedEventConsumer::access$000 (5 bytes)
Event: 5.922 Thread 0x000001ae9f4c0510 nmethod 3151 0x000001ae929f0f88 code [0x000001ae929f1080, 0x000001ae929f1128]
Event: 5.922 Thread 0x000001ae9f4c0510 3152       3       java.util.concurrent.locks.ReentrantLock::unlock (10 bytes)
Event: 5.922 Thread 0x000001ae9f4c0510 nmethod 3152 0x000001ae8b33bd88 code [0x000001ae8b33bec0, 0x000001ae8b33c210]
Event: 5.922 Thread 0x000001ae9f4c0510 3153       3       java.util.stream.StreamOpFlag::combineOpFlags (9 bytes)
Event: 5.922 Thread 0x000001ae9f4c0510 nmethod 3153 0x000001ae8b33c288 code [0x000001ae8b33c3a0, 0x000001ae8b33c548]
Event: 5.952 Thread 0x000001ae9f4c0ca0 nmethod 3141 0x000001ae929f1288 code [0x000001ae929f1580, 0x000001ae929f3388]
Event: 5.952 Thread 0x000001ae9f4c0ca0 3130       4       jdk.internal.classfile.impl.StackMapGenerator::processMethod (258 bytes)
Event: 5.954 Thread 0x000001ae9f4c0510 3154       3       org.gradle.internal.service.RelevantMethods$RelevantMethodsBuilder::add (101 bytes)
Event: 6.953 Thread 0x000001ae9f4c0510 nmethod 3154 0x000001ae8b33c588 code [0x000001ae8b33c7c0, 0x000001ae8b33d918]
Event: 6.953 Thread 0x000001ae9f4c0510 3158       3       jdk.internal.event.Event::<init> (5 bytes)

GC Heap History (6 events):
Event: 1.418 GC heap before
{Heap before GC invocations=0 (full 0):
 garbage-first heap   total reserved 2097152K, committed 131072K, used 51316K [0x0000000080000000, 0x0000000100000000)
  region size 1024K, 47 young (48128K), 0 survivors (0K)
 Metaspace       used 4408K, committed 4672K, reserved 1114112K
  class space    used 381K, committed 512K, reserved 1048576K
}
Event: 1.427 GC heap after
{Heap after GC invocations=1 (full 0):
 garbage-first heap   total reserved 2097152K, committed 131072K, used 11343K [0x0000000080000000, 0x0000000100000000)
  region size 1024K, 6 young (6144K), 6 survivors (6144K)
 Metaspace       used 4408K, committed 4672K, reserved 1114112K
  class space    used 381K, committed 512K, reserved 1048576K
}
Event: 2.459 GC heap before
{Heap before GC invocations=1 (full 0):
 garbage-first heap   total reserved 2097152K, committed 131072K, used 65615K [0x0000000080000000, 0x0000000100000000)
  region size 1024K, 57 young (58368K), 6 survivors (6144K)
 Metaspace       used 5277K, committed 5568K, reserved 1114112K
  class space    used 472K, committed 640K, reserved 1048576K
}
Event: 2.470 GC heap after
{Heap after GC invocations=2 (full 0):
 garbage-first heap   total reserved 2097152K, committed 131072K, used 17415K [0x0000000080000000, 0x0000000100000000)
  region size 1024K, 6 young (6144K), 6 survivors (6144K)
 Metaspace       used 5277K, committed 5568K, reserved 1114112K
  class space    used 472K, committed 640K, reserved 1048576K
}
Event: 4.215 GC heap before
{Heap before GC invocations=2 (full 0):
 garbage-first heap   total reserved 2097152K, committed 131072K, used 75783K [0x0000000080000000, 0x0000000100000000)
  region size 1024K, 63 young (64512K), 6 survivors (6144K)
 Metaspace       used 15898K, committed 16384K, reserved 1114112K
  class space    used 1679K, committed 1920K, reserved 1048576K
}
Event: 4.224 GC heap after
{Heap after GC invocations=3 (full 0):
 garbage-first heap   total reserved 2097152K, committed 131072K, used 22357K [0x0000000080000000, 0x0000000100000000)
  region size 1024K, 5 young (5120K), 5 survivors (5120K)
 Metaspace       used 15898K, committed 16384K, reserved 1114112K
  class space    used 1679K, committed 1920K, reserved 1048576K
}

Dll operation events (15 events):
Event: 0.023 Loaded shared library C:\Program Files\Java\jdk-24\bin\java.dll
Event: 0.072 Loaded shared library C:\Program Files\Java\jdk-24\bin\jsvml.dll
Event: 0.144 Loaded shared library C:\Program Files\Java\jdk-24\bin\zip.dll
Event: 0.148 Loaded shared library C:\Program Files\Java\jdk-24\bin\instrument.dll
Event: 0.153 Loaded shared library C:\Program Files\Java\jdk-24\bin\net.dll
Event: 0.157 Loaded shared library C:\Program Files\Java\jdk-24\bin\nio.dll
Event: 0.161 Loaded shared library C:\Program Files\Java\jdk-24\bin\zip.dll
Event: 0.531 Loaded shared library C:\Program Files\Java\jdk-24\bin\jimage.dll
Event: 0.720 Loaded shared library C:\Program Files\Java\jdk-24\bin\verify.dll
Event: 0.937 Loaded shared library C:\Users\INTEL-PC\.gradle\native\c067742578af261105cb4f569cf0c3c89f3d7b1fecec35dd04571415982c5e48\windows-amd64\native-platform.dll
Event: 0.958 Loaded shared library C:\Users\INTEL-PC\.gradle\native\100fb08df4bc3b14c8652ba06237920a3bd2aa13389f12d3474272988ae205f9\windows-amd64\native-platform-file-events.dll
Event: 2.640 Loaded shared library C:\Program Files\Java\jdk-24\bin\management.dll
Event: 2.643 Loaded shared library C:\Program Files\Java\jdk-24\bin\management_ext.dll
Event: 2.977 Loaded shared library C:\Program Files\Java\jdk-24\bin\extnet.dll
Event: 3.227 Loaded shared library C:\Program Files\Java\jdk-24\bin\sunmscapi.dll

Deoptimization events (20 events):
Event: 3.649 Thread 0x000001aee68eecd0 DEOPT PACKING pc=0x000001ae9293320c sp=0x00000050289fc700
Event: 3.650 Thread 0x000001aee68eecd0 DEOPT UNPACKING pc=0x000001ae92446e82 sp=0x00000050289fc680 mode 2
Event: 3.665 Thread 0x000001aee68eecd0 Uncommon trap: trap_request=0xffffff4d fr.pc=0x000001ae9293ccf8 relative=0x00000000000002b8
Event: 3.665 Thread 0x000001aee68eecd0 Uncommon trap: reason=unstable_if action=reinterpret pc=0x000001ae9293ccf8 method=java.util.concurrent.ConcurrentHashMap.get(Ljava/lang/Object;)Ljava/lang/Object; @ 76 c2
Event: 3.665 Thread 0x000001aee68eecd0 DEOPT PACKING pc=0x000001ae9293ccf8 sp=0x00000050289fbda0
Event: 3.665 Thread 0x000001aee68eecd0 DEOPT UNPACKING pc=0x000001ae92446e82 sp=0x00000050289fbd18 mode 2
Event: 4.042 Thread 0x000001aee68eecd0 Uncommon trap: trap_request=0xffffff4d fr.pc=0x000001ae92941884 relative=0x0000000000000164
Event: 4.042 Thread 0x000001aee68eecd0 Uncommon trap: reason=unstable_if action=reinterpret pc=0x000001ae92941884 method=java.util.regex.Matcher.reset()Ljava/util/regex/Matcher; @ 47 c2
Event: 4.042 Thread 0x000001aee68eecd0 DEOPT PACKING pc=0x000001ae92941884 sp=0x00000050289fade0
Event: 4.042 Thread 0x000001aee68eecd0 DEOPT UNPACKING pc=0x000001ae92446e82 sp=0x00000050289fad68 mode 2
Event: 4.054 Thread 0x000001aee68eecd0 DEOPT PACKING pc=0x000001ae8aed6baf sp=0x00000050289faad0
Event: 4.054 Thread 0x000001aee68eecd0 DEOPT UNPACKING pc=0x000001ae92385722 sp=0x00000050289f9f68 mode 0
Event: 4.131 Thread 0x000001aee68eecd0 Uncommon trap: trap_request=0xffffff4d fr.pc=0x000001ae928e4354 relative=0x0000000000000b74
Event: 4.131 Thread 0x000001aee68eecd0 Uncommon trap: reason=unstable_if action=reinterpret pc=0x000001ae928e4354 method=java.io.WinNTFileSystem.resolve(Ljava/lang/String;Ljava/lang/String;)Ljava/lang/String; @ 42 c2
Event: 4.131 Thread 0x000001aee68eecd0 DEOPT PACKING pc=0x000001ae928e4354 sp=0x00000050289fb570
Event: 4.131 Thread 0x000001aee68eecd0 DEOPT UNPACKING pc=0x000001ae92446e82 sp=0x00000050289fb4e8 mode 2
Event: 4.134 Thread 0x000001aee68eecd0 Uncommon trap: trap_request=0xffffff4d fr.pc=0x000001ae928f7f48 relative=0x0000000000000588
Event: 4.134 Thread 0x000001aee68eecd0 Uncommon trap: reason=unstable_if action=reinterpret pc=0x000001ae928f7f48 method=java.io.File.getName()Ljava/lang/String; @ 16 c2
Event: 4.134 Thread 0x000001aee68eecd0 DEOPT PACKING pc=0x000001ae928f7f48 sp=0x00000050289fb540
Event: 4.134 Thread 0x000001aee68eecd0 DEOPT UNPACKING pc=0x000001ae92446e82 sp=0x00000050289fb510 mode 2

Classes loaded (20 events):
Event: 4.334 Loading class java/lang/invoke/BoundMethodHandle$Species_LLLLLLLLLLLLLLLLLLLLLL
Event: 4.334 Loading class java/lang/invoke/BoundMethodHandle$Species_LLLLLLLLLLLLLLLLLLLLLL done
Event: 4.336 Loading class java/lang/invoke/BoundMethodHandle$Species_LLLLLLLLLLLLLLLLLLLLLLL
Event: 4.336 Loading class java/lang/invoke/BoundMethodHandle$Species_LLLLLLLLLLLLLLLLLLLLLLL done
Event: 4.459 Loading class java/util/function/LongFunction
Event: 4.459 Loading class java/util/function/LongFunction done
Event: 4.544 Loading class java/security/InvalidKeyException
Event: 4.545 Loading class java/security/KeyException
Event: 4.545 Loading class java/security/KeyException done
Event: 4.545 Loading class java/security/InvalidKeyException done
Event: 4.622 Loading class java/io/ObjectOutputStream
Event: 4.622 Loading class java/io/ObjectOutput
Event: 4.623 Loading class java/io/ObjectOutput done
Event: 4.623 Loading class java/io/ObjectStreamConstants
Event: 4.623 Loading class java/io/ObjectStreamConstants done
Event: 4.623 Loading class java/io/ObjectOutputStream done
Event: 4.624 Loading class java/io/ObjectInputStream
Event: 4.624 Loading class java/io/ObjectInput
Event: 4.624 Loading class java/io/ObjectInput done
Event: 4.625 Loading class java/io/ObjectInputStream done

Classes unloaded (0 events):
No events

Classes redefined (0 events):
No events

Internal exceptions (20 events):
Event: 4.120 Thread 0x000001aee68eecd0 Exception <a 'java/lang/NoSuchMethodError'{0x000000008489cfd8}: 'java.lang.Object java.lang.invoke.Invokers$Holder.invoker(java.lang.Object, java.lang.Object)'> (0x000000008489cfd8) 
thrown [s\open\src\hotspot\share\interpreter\linkResolver.cpp, line 805]
Event: 4.181 Thread 0x000001aee68eecd0 Exception <a 'java/lang/NoSuchMethodError'{0x00000000846e4490}: 'int java.lang.invoke.DirectMethodHandle$Holder.invokeSpecialIFC(java.lang.Object, java.lang.Object, java.lang.Object, java.lang.Object)'> (0x00000000846e4490) 
thrown [s\open\src\hotspot\share\interpreter\linkResolver.cpp, line 805]
Event: 4.184 Thread 0x000001aee68eecd0 Exception <a 'java/lang/NoSuchMethodError'{0x000000008450b968}: 'java.lang.Object java.lang.invoke.DirectMethodHandle$Holder.invokeInterface(java.lang.Object, java.lang.Object, java.lang.Object)'> (0x000000008450b968) 
thrown [s\open\src\hotspot\share\interpreter\linkResolver.cpp, line 805]
Event: 4.184 Thread 0x000001aee68eecd0 Exception <a 'java/lang/IncompatibleClassChangeError'{0x00000000845141d0}: Found class java.lang.Object, but interface was expected> (0x00000000845141d0) 
thrown [s\open\src\hotspot\share\interpreter\linkResolver.cpp, line 872]
Event: 4.249 Thread 0x000001aee68eecd0 Exception <a 'java/lang/NoSuchMethodError'{0x0000000087c8b640}: 'int java.lang.invoke.DirectMethodHandle$Holder.invokeStatic(java.lang.Object, java.lang.Object, java.lang.Object, java.lang.Object)'> (0x0000000087c8b640) 
thrown [s\open\src\hotspot\share\interpreter\linkResolver.cpp, line 805]
Event: 4.310 Thread 0x000001aee68eecd0 Exception <a 'java/lang/NoSuchMethodError'{0x0000000087acf7c0}: 'java.lang.Object java.lang.invoke.DelegatingMethodHandle$Holder.reinvoke_L(java.lang.Object, java.lang.Object, java.lang.Object, java.lang.Object, java.lang.Object, java.lang.Object, java.lang.Object, java.lang.Object, java.lang.Object, java.lang.Object, java.lang.Object, java.lang.Object, java.lang.Object, java.lang.Object, java.lang.Object, java.lang.Object, java.lang.Object, java.lang.Object, java.lang.Object, java.lang.Object, java.lang.O
Event: 4.316 Thread 0x000001aee68eecd0 Exception <a 'java/lang/NoSuchMethodError'{0x0000000087980190}: 'java.lang.Object java.lang.invoke.DirectMethodHandle$Holder.invokeStatic(java.lang.Object, java.lang.Object, java.lang.Object, java.lang.Object, java.lang.Object, java.lang.Object, java.lang.Object, java.lang.Object, java.lang.Object, java.lang.Object, java.lang.Object, java.lang.Object, java.lang.Object, java.lang.Object, java.lang.Object, java.lang.Object, java.lang.Object)'> (0x0000000087980190) 
thrown [s\open\src\hotspot\share\interprete
Event: 4.318 Thread 0x000001aee68eecd0 Exception <a 'java/lang/NoSuchMethodError'{0x00000000879b2048}: 'java.lang.Object java.lang.invoke.DirectMethodHandle$Holder.invokeStatic(java.lang.Object, java.lang.Object, java.lang.Object, java.lang.Object, java.lang.Object, java.lang.Object, java.lang.Object, java.lang.Object, java.lang.Object, java.lang.Object, java.lang.Object, java.lang.Object, java.lang.Object, java.lang.Object, java.lang.Object, java.lang.Object, java.lang.Object, java.lang.Object)'> (0x00000000879b2048) 
thrown [s\open\src\hotspo
Event: 4.320 Thread 0x000001aee68eecd0 Exception <a 'java/lang/NoSuchMethodError'{0x00000000879e4f70}: 'java.lang.Object java.lang.invoke.DirectMethodHandle$Holder.invokeStatic(java.lang.Object, java.lang.Object, java.lang.Object, java.lang.Object, java.lang.Object, java.lang.Object, java.lang.Object, java.lang.Object, java.lang.Object, java.lang.Object, java.lang.Object, java.lang.Object, java.lang.Object, java.lang.Object, java.lang.Object, java.lang.Object, java.lang.Object, java.lang.Object, java.lang.Object)'> (0x00000000879e4f70) 
thrown 
Event: 4.323 Thread 0x000001aee68eecd0 Exception <a 'java/lang/NoSuchMethodError'{0x00000000878196a0}: 'java.lang.Object java.lang.invoke.DirectMethodHandle$Holder.invokeStatic(java.lang.Object, java.lang.Object, java.lang.Object, java.lang.Object, java.lang.Object, java.lang.Object, java.lang.Object, java.lang.Object, java.lang.Object, java.lang.Object, java.lang.Object, java.lang.Object, java.lang.Object, java.lang.Object, java.lang.Object, java.lang.Object, java.lang.Object, java.lang.Object, java.lang.Object, java.lang.Object)'> (0x00000000
Event: 4.325 Thread 0x000001aee68eecd0 Exception <a 'java/lang/NoSuchMethodError'{0x000000008784e698}: 'java.lang.Object java.lang.invoke.DirectMethodHandle$Holder.invokeStatic(java.lang.Object, java.lang.Object, java.lang.Object, java.lang.Object, java.lang.Object, java.lang.Object, java.lang.Object, java.lang.Object, java.lang.Object, java.lang.Object, java.lang.Object, java.lang.Object, java.lang.Object, java.lang.Object, java.lang.Object, java.lang.Object, java.lang.Object, java.lang.Object, java.lang.Object, java.lang.Object, java.lang.Obj
Event: 4.328 Thread 0x000001aee68eecd0 Exception <a 'java/lang/NoSuchMethodError'{0x0000000087886178}: 'java.lang.Object java.lang.invoke.DirectMethodHandle$Holder.invokeStatic(java.lang.Object, java.lang.Object, java.lang.Object, java.lang.Object, java.lang.Object, java.lang.Object, java.lang.Object, java.lang.Object, java.lang.Object, java.lang.Object, java.lang.Object, java.lang.Object, java.lang.Object, java.lang.Object, java.lang.Object, java.lang.Object, java.lang.Object, java.lang.Object, java.lang.Object, java.lang.Object, java.lang.Obj
Event: 4.330 Thread 0x000001aee68eecd0 Exception <a 'java/lang/NoSuchMethodError'{0x00000000878bcaa8}: 'java.lang.Object java.lang.invoke.DirectMethodHandle$Holder.invokeStatic(java.lang.Object, java.lang.Object, java.lang.Object, java.lang.Object, java.lang.Object, java.lang.Object, java.lang.Object, java.lang.Object, java.lang.Object, java.lang.Object, java.lang.Object, java.lang.Object, java.lang.Object, java.lang.Object, java.lang.Object, java.lang.Object, java.lang.Object, java.lang.Object, java.lang.Object, java.lang.Object, java.lang.Obj
Event: 4.333 Thread 0x000001aee68eecd0 Exception <a 'java/lang/NoSuchMethodError'{0x00000000878f42a8}: 'java.lang.Object java.lang.invoke.DirectMethodHandle$Holder.invokeStatic(java.lang.Object, java.lang.Object, java.lang.Object, java.lang.Object, java.lang.Object, java.lang.Object, java.lang.Object, java.lang.Object, java.lang.Object, java.lang.Object, java.lang.Object, java.lang.Object, java.lang.Object, java.lang.Object, java.lang.Object, java.lang.Object, java.lang.Object, java.lang.Object, java.lang.Object, java.lang.Object, java.lang.Obj
Event: 4.335 Thread 0x000001aee68eecd0 Exception <a 'java/lang/NoSuchMethodError'{0x000000008772d0c8}: 'java.lang.Object java.lang.invoke.DirectMethodHandle$Holder.invokeStatic(java.lang.Object, java.lang.Object, java.lang.Object, java.lang.Object, java.lang.Object, java.lang.Object, java.lang.Object, java.lang.Object, java.lang.Object, java.lang.Object, java.lang.Object, java.lang.Object, java.lang.Object, java.lang.Object, java.lang.Object, java.lang.Object, java.lang.Object, java.lang.Object, java.lang.Object, java.lang.Object, java.lang.Obj
Event: 4.337 Thread 0x000001aee68eecd0 Exception <a 'java/lang/NoSuchMethodError'{0x0000000087766ff0}: 'java.lang.Object java.lang.invoke.DirectMethodHandle$Holder.invokeStatic(java.lang.Object, java.lang.Object, java.lang.Object, java.lang.Object, java.lang.Object, java.lang.Object, java.lang.Object, java.lang.Object, java.lang.Object, java.lang.Object, java.lang.Object, java.lang.Object, java.lang.Object, java.lang.Object, java.lang.Object, java.lang.Object, java.lang.Object, java.lang.Object, java.lang.Object, java.lang.Object, java.lang.Obj
Event: 4.596 Thread 0x000001aee68eecd0 Exception <a 'java/lang/IncompatibleClassChangeError'{0x0000000086f3ec70}: Found class java.lang.Object, but interface was expected> (0x0000000086f3ec70) 
thrown [s\open\src\hotspot\share\interpreter\linkResolver.cpp, line 872]
Event: 4.602 Thread 0x000001aee68eecd0 Exception <a 'java/lang/NoSuchMethodError'{0x0000000086f66f50}: 'java.lang.Object java.lang.invoke.DirectMethodHandle$Holder.newInvokeSpecial(java.lang.Object, java.lang.Object, java.lang.Object, java.lang.Object, java.lang.Object, java.lang.Object, java.lang.Object, java.lang.Object, java.lang.Object, java.lang.Object)'> (0x0000000086f66f50) 
thrown [s\open\src\hotspot\share\interpreter\linkResolver.cpp, line 805]
Event: 4.637 Thread 0x000001aee68eecd0 Exception <a 'java/lang/NoSuchMethodError'{0x0000000086ee5f50}: 'java.lang.Object java.lang.invoke.DirectMethodHandle$Holder.newInvokeSpecial(java.lang.Object, java.lang.Object, java.lang.Object, java.lang.Object, java.lang.Object, java.lang.Object, java.lang.Object, java.lang.Object)'> (0x0000000086ee5f50) 
thrown [s\open\src\hotspot\share\interpreter\linkResolver.cpp, line 805]
Event: 4.656 Thread 0x000001aee68eecd0 Exception <a 'java/lang/NoSuchMethodError'{0x0000000086de3c00}: 'int java.lang.invoke.DirectMethodHandle$Holder.invokeStaticInit(java.lang.Object, java.lang.Object, java.lang.Object)'> (0x0000000086de3c00) 
thrown [s\open\src\hotspot\share\interpreter\linkResolver.cpp, line 805]

VM Operations (20 events):
Event: 2.585 Executing VM operation: HandshakeAllThreads (Deoptimize)
Event: 2.586 Executing VM operation: HandshakeAllThreads (Deoptimize) done
Event: 2.685 Executing VM operation: HandshakeAllThreads (Deoptimize)
Event: 2.685 Executing VM operation: HandshakeAllThreads (Deoptimize) done
Event: 2.809 Executing VM operation: HandshakeAllThreads (Deoptimize)
Event: 2.809 Executing VM operation: HandshakeAllThreads (Deoptimize) done
Event: 2.873 Executing VM operation: HandshakeAllThreads (Deoptimize)
Event: 2.873 Executing VM operation: HandshakeAllThreads (Deoptimize) done
Event: 2.952 Executing VM operation: HandshakeAllThreads (Deoptimize)
Event: 2.952 Executing VM operation: HandshakeAllThreads (Deoptimize) done
Event: 3.177 Executing VM operation: HandshakeAllThreads (Deoptimize)
Event: 3.177 Executing VM operation: HandshakeAllThreads (Deoptimize) done
Event: 3.775 Executing VM operation: HandshakeAllThreads (Deoptimize)
Event: 3.775 Executing VM operation: HandshakeAllThreads (Deoptimize) done
Event: 4.215 Executing VM operation: G1CollectForAllocation (G1 Evacuation Pause)
Event: 4.224 Executing VM operation: G1CollectForAllocation (G1 Evacuation Pause) done
Event: 4.346 Executing VM operation: HandshakeAllThreads (Deoptimize)
Event: 4.346 Executing VM operation: HandshakeAllThreads (Deoptimize) done
Event: 4.347 Executing VM operation: HandshakeAllThreads (Deoptimize)
Event: 4.347 Executing VM operation: HandshakeAllThreads (Deoptimize) done

Memory protections (0 events):
No events

Nmethod flushes (0 events):
No events

Events (20 events):
Event: 0.525 Thread 0x000001ae9f4c1430 Thread added: 0x000001ae9f4c2ae0
Event: 1.617 Thread 0x000001ae9f4c2ae0 Thread exited: 0x000001ae9f4c2ae0
Event: 1.617 Thread 0x000001ae9f4c1430 Thread exited: 0x000001ae9f4c1430
Event: 2.577 Thread 0x000001ae9f4c0510 Thread added: 0x000001ae9f4c0ca0
Event: 2.690 Thread 0x000001ae8255f470 Thread added: 0x000001aee676aeb0
Event: 3.036 Thread 0x000001ae8255f470 Thread added: 0x000001aee6788b60
Event: 3.162 Thread 0x000001ae8255f470 Thread added: 0x000001aee5d66dc0
Event: 3.322 Thread 0x000001aee6788b60 Thread added: 0x000001aee687d990
Event: 3.326 Thread 0x000001aee687d990 Thread added: 0x000001aee687e0d0
Event: 3.383 Thread 0x000001aee687d990 Thread added: 0x000001aee68ed6e0
Event: 3.392 Thread 0x000001aee687d990 Thread added: 0x000001aee68eecd0
Event: 3.407 Thread 0x000001aee68eecd0 Thread added: 0x000001aee68ecf90
Event: 3.432 Thread 0x000001aee68eecd0 Thread added: 0x000001aee68ef420
Event: 3.435 Thread 0x000001aee68eecd0 Thread added: 0x000001aee68ec0f0
Event: 3.819 Thread 0x000001ae9f4c0ca0 Thread exited: 0x000001ae9f4c0ca0
Event: 4.005 Thread 0x000001aee68eecd0 Thread added: 0x000001aee68ee580
Event: 4.028 Thread 0x000001aee68eecd0 Thread added: 0x000001aee68ede30
Event: 4.073 Thread 0x000001aee68eecd0 Thread added: 0x000001aee6a90d10
Event: 4.083 Thread 0x000001ae9f4c0510 Thread added: 0x000001ae9f4c2ae0
Event: 4.698 Thread 0x000001ae9f4c0510 Thread added: 0x000001ae9f4c0ca0


Dynamic libraries:
0x00007ff6960b0000 - 0x00007ff6960c0000 	C:\Program Files\Java\jdk-24\bin\java.exe
0x00007ff946e60000 - 0x00007ff9470c3000 	C:\WINDOWS\SYSTEM32\ntdll.dll
0x00007ff945bb0000 - 0x00007ff945c77000 	C:\WINDOWS\System32\KERNEL32.DLL
0x00007ff944060000 - 0x00007ff944429000 	C:\WINDOWS\System32\KERNELBASE.dll
0x00007ff944570000 - 0x00007ff9446bc000 	C:\WINDOWS\System32\ucrtbase.dll
0x00007ff91ef30000 - 0x00007ff91ef4b000 	C:\Program Files\Java\jdk-24\bin\VCRUNTIME140.dll
0x00007ff91ef10000 - 0x00007ff91ef26000 	C:\Program Files\Java\jdk-24\bin\jli.dll
0x00007ff945d30000 - 0x00007ff945efa000 	C:\WINDOWS\System32\USER32.dll
0x00007ff944ae0000 - 0x00007ff944b07000 	C:\WINDOWS\System32\win32u.dll
0x00007ff945c80000 - 0x00007ff945caa000 	C:\WINDOWS\System32\GDI32.dll
0x00007ff92a100000 - 0x00007ff92a390000 	C:\WINDOWS\WinSxS\amd64_microsoft.windows.common-controls_6595b64144ccf1df_6.0.26100.3323_none_3e088096e3344490\COMCTL32.dll
0x00007ff944430000 - 0x00007ff944561000 	C:\WINDOWS\System32\gdi32full.dll
0x00007ff944d30000 - 0x00007ff944dd9000 	C:\WINDOWS\System32\msvcrt.dll
0x00007ff944820000 - 0x00007ff9448c3000 	C:\WINDOWS\System32\msvcp_win.dll
0x00007ff945f00000 - 0x00007ff945f2f000 	C:\WINDOWS\System32\IMM32.DLL
0x00007ff935710000 - 0x00007ff93571c000 	C:\Program Files\Java\jdk-24\bin\vcruntime140_1.dll
0x00007ff91c010000 - 0x00007ff91c09e000 	C:\Program Files\Java\jdk-24\bin\msvcp140.dll
0x00007ff8dca90000 - 0x00007ff8dd832000 	C:\Program Files\Java\jdk-24\bin\server\jvm.dll
0x00007ff946a70000 - 0x00007ff946b22000 	C:\WINDOWS\System32\ADVAPI32.dll
0x00007ff946c90000 - 0x00007ff946d36000 	C:\WINDOWS\System32\sechost.dll
0x00007ff9468e0000 - 0x00007ff9469f6000 	C:\WINDOWS\System32\RPCRT4.dll
0x00007ff945cb0000 - 0x00007ff945d24000 	C:\WINDOWS\System32\WS2_32.dll
0x00007ff922a90000 - 0x00007ff922ac6000 	C:\WINDOWS\SYSTEM32\WINMM.dll
0x00007ff9390c0000 - 0x00007ff9390cb000 	C:\WINDOWS\SYSTEM32\VERSION.dll
0x00007ff943d30000 - 0x00007ff943d7e000 	C:\WINDOWS\SYSTEM32\POWRPROF.dll
0x00007ff943d10000 - 0x00007ff943d24000 	C:\WINDOWS\SYSTEM32\UMPDC.dll
0x00007ff942e80000 - 0x00007ff942e9a000 	C:\WINDOWS\SYSTEM32\kernel.appcore.dll
0x00007ff9354c0000 - 0x00007ff9354ca000 	C:\Program Files\Java\jdk-24\bin\jimage.dll
0x00007ff9417e0000 - 0x00007ff941a21000 	C:\WINDOWS\SYSTEM32\DBGHELP.DLL
0x00007ff9450d0000 - 0x00007ff945452000 	C:\WINDOWS\System32\combase.dll
0x00007ff946d40000 - 0x00007ff946e16000 	C:\WINDOWS\System32\OLEAUT32.dll
0x00007ff8f6e50000 - 0x00007ff8f6e89000 	C:\WINDOWS\SYSTEM32\dbgcore.DLL
0x00007ff9446c0000 - 0x00007ff944759000 	C:\WINDOWS\System32\bcryptPrimitives.dll
0x00007ff9267d0000 - 0x00007ff9267df000 	C:\Program Files\Java\jdk-24\bin\instrument.dll
0x00007ff91ee70000 - 0x00007ff91ee8e000 	C:\Program Files\Java\jdk-24\bin\java.dll
0x00007ff944e40000 - 0x00007ff944fd5000 	C:\WINDOWS\System32\ole32.dll
0x00007ff945f40000 - 0x00007ff946655000 	C:\WINDOWS\System32\SHELL32.dll
0x00007ff944b10000 - 0x00007ff944c78000 	C:\WINDOWS\System32\wintypes.dll
0x00007ff941d60000 - 0x00007ff9425a5000 	C:\WINDOWS\SYSTEM32\windows.storage.dll
0x00007ff944fe0000 - 0x00007ff9450cb000 	C:\WINDOWS\System32\SHCORE.dll
0x00007ff945a30000 - 0x00007ff945a8d000 	C:\WINDOWS\System32\shlwapi.dll
0x00007ff943f70000 - 0x00007ff943f9f000 	C:\WINDOWS\SYSTEM32\profapi.dll
0x00007ff8e6330000 - 0x00007ff8e6407000 	C:\Program Files\Java\jdk-24\bin\jsvml.dll
0x00007ff91c580000 - 0x00007ff91c597000 	C:\Program Files\Java\jdk-24\bin\zip.dll
0x00007ff934260000 - 0x00007ff934270000 	C:\Program Files\Java\jdk-24\bin\net.dll
0x00007ff9433a0000 - 0x00007ff94340a000 	C:\WINDOWS\system32\mswsock.dll
0x00007ff91c5a0000 - 0x00007ff91c5b6000 	C:\Program Files\Java\jdk-24\bin\nio.dll
0x00007ff934200000 - 0x00007ff934210000 	C:\Program Files\Java\jdk-24\bin\verify.dll
0x00007ff91bfe0000 - 0x00007ff91c007000 	C:\Users\INTEL-PC\.gradle\native\c067742578af261105cb4f569cf0c3c89f3d7b1fecec35dd04571415982c5e48\windows-amd64\native-platform.dll
0x00007ff8de040000 - 0x00007ff8de184000 	C:\Users\INTEL-PC\.gradle\native\100fb08df4bc3b14c8652ba06237920a3bd2aa13389f12d3474272988ae205f9\windows-amd64\native-platform-file-events.dll
0x00007ff9325d0000 - 0x00007ff9325da000 	C:\Program Files\Java\jdk-24\bin\management.dll
0x00007ff930420000 - 0x00007ff93042b000 	C:\Program Files\Java\jdk-24\bin\management_ext.dll
0x00007ff945ba0000 - 0x00007ff945ba8000 	C:\WINDOWS\System32\PSAPI.DLL
0x00007ff943640000 - 0x00007ff94365c000 	C:\WINDOWS\SYSTEM32\CRYPTSP.dll
0x00007ff942de0000 - 0x00007ff942e1a000 	C:\WINDOWS\system32\rsaenh.dll
0x00007ff943440000 - 0x00007ff94346b000 	C:\WINDOWS\SYSTEM32\USERENV.dll
0x00007ff9438f0000 - 0x00007ff943916000 	C:\WINDOWS\SYSTEM32\bcrypt.dll
0x00007ff943660000 - 0x00007ff94366c000 	C:\WINDOWS\SYSTEM32\CRYPTBASE.dll
0x00007ff942910000 - 0x00007ff942943000 	C:\WINDOWS\SYSTEM32\IPHLPAPI.DLL
0x00007ff945a90000 - 0x00007ff945a9a000 	C:\WINDOWS\System32\NSI.dll
0x00007ff927b00000 - 0x00007ff927b09000 	C:\Program Files\Java\jdk-24\bin\extnet.dll
0x00007ff924400000 - 0x00007ff92440e000 	C:\Program Files\Java\jdk-24\bin\sunmscapi.dll
0x00007ff944960000 - 0x00007ff944ad7000 	C:\WINDOWS\System32\CRYPT32.dll
0x00007ff9438b0000 - 0x00007ff9438e0000 	C:\WINDOWS\SYSTEM32\ncrypt.dll
0x00007ff943860000 - 0x00007ff94389f000 	C:\WINDOWS\SYSTEM32\NTASN1.dll
0x00007ff90d850000 - 0x00007ff90d858000 	C:\WINDOWS\system32\wshunix.dll

dbghelp: loaded successfully - version: 4.0.5 - missing functions: none
symbol engine: initialized successfully - sym options: 0x614 - pdb path: .;C:\Program Files\Java\jdk-24\bin;C:\WINDOWS\SYSTEM32;C:\WINDOWS\WinSxS\amd64_microsoft.windows.common-controls_6595b64144ccf1df_6.0.26100.3323_none_3e088096e3344490;C:\Program Files\Java\jdk-24\bin\server;C:\Users\INTEL-PC\.gradle\native\c067742578af261105cb4f569cf0c3c89f3d7b1fecec35dd04571415982c5e48\windows-amd64;C:\Users\INTEL-PC\.gradle\native\100fb08df4bc3b14c8652ba06237920a3bd2aa13389f12d3474272988ae205f9\windows-amd64

VM Arguments:
jvm_args: --add-opens=java.base/java.lang=ALL-UNNAMED --add-opens=java.base/java.lang.invoke=ALL-UNNAMED --add-opens=java.base/java.util=ALL-UNNAMED --add-opens=java.prefs/java.util.prefs=ALL-UNNAMED --add-exports=jdk.compiler/com.sun.tools.javac.api=ALL-UNNAMED --add-exports=jdk.compiler/com.sun.tools.javac.util=ALL-UNNAMED --add-opens=java.base/java.util=ALL-UNNAMED --add-opens=java.prefs/java.util.prefs=ALL-UNNAMED --add-opens=java.base/java.nio.charset=ALL-UNNAMED --add-opens=java.base/java.net=ALL-UNNAMED --add-opens=java.base/java.util.concurrent.atomic=ALL-UNNAMED --add-opens=java.xml/javax.xml.namespace=ALL-UNNAMED --add-opens=jdk.compiler/com.sun.tools.javac.main=ALL-UNNAMED --add-opens=jdk.compiler/com.sun.tools.javac.util=ALL-UNNAMED --add-opens=jdk.compiler/com.sun.tools.javac.file=ALL-UNNAMED --add-opens=jdk.compiler/com.sun.tools.javac.tree=ALL-UNNAMED --add-opens=jdk.compiler/com.sun.tools.javac.processing=ALL-UNNAMED --add-opens=jdk.compiler/com.sun.tools.javac.comp=ALL-UNNAMED --add-opens=jdk.compiler/com.sun.tools.javac.jvm=ALL-UNNAMED -Xmx2048m -Dfile.encoding=UTF-8 -Duser.country=US -Duser.language=en -Duser.variant -javaagent:C:\Users\INTEL-PC\.gradle\wrapper\dists\gradle-8.11.1-bin\bpt9gzteqjrbo1mjrsomdt32c\gradle-8.11.1\lib\agents\gradle-instrumentation-agent-8.11.1.jar 
java_command: org.gradle.launcher.daemon.bootstrap.GradleDaemon 8.11.1
java_class_path (initial): C:\Users\INTEL-PC\.gradle\wrapper\dists\gradle-8.11.1-bin\bpt9gzteqjrbo1mjrsomdt32c\gradle-8.11.1\lib\gradle-daemon-main-8.11.1.jar
Launcher Type: SUN_STANDARD

[Global flags]
     intx CICompilerCount                          = 4                                         {product} {ergonomic}
     uint ConcGCThreads                            = 2                                         {product} {ergonomic}
     uint G1ConcRefinementThreads                  = 8                                         {product} {ergonomic}
   size_t G1HeapRegionSize                         = 1048576                                   {product} {ergonomic}
   size_t InitialHeapSize                          = 132120576                                 {product} {ergonomic}
   size_t MarkStackSize                            = 4194304                                   {product} {ergonomic}
   size_t MarkStackSizeMax                         = 536870912                                 {product} {ergonomic}
   size_t MaxHeapSize                              = 2147483648                                {product} {command line}
   size_t MaxNewSize                               = 1287651328                                {product} {ergonomic}
   size_t MinHeapDeltaBytes                        = 1048576                                   {product} {ergonomic}
   size_t MinHeapSize                              = 8388608                                   {product} {ergonomic}
    uintx NonNMethodCodeHeapSize                   = 5832704                                {pd product} {ergonomic}
    uintx NonProfiledCodeHeapSize                  = 122945536                              {pd product} {ergonomic}
    uintx ProfiledCodeHeapSize                     = 122880000                              {pd product} {ergonomic}
    uintx ReservedCodeCacheSize                    = 251658240                              {pd product} {ergonomic}
     bool SegmentedCodeCache                       = true                                      {product} {ergonomic}
   size_t SoftMaxHeapSize                          = 2147483648                             {manageable} {ergonomic}
     bool UseCompressedOops                        = true                           {product lp64_product} {ergonomic}
     bool UseG1GC                                  = true                                      {product} {ergonomic}
     bool UseLargePagesIndividualAllocation        = false                                  {pd product} {ergonomic}

Logging:
Log output configuration:
 #0: stdout all=warning uptime,level,tags foldmultilines=false
 #1: stderr all=off uptime,level,tags foldmultilines=false

Environment Variables:
JAVA_HOME=C:\Program Files\Java\jdk-24\
CLASSPATH=C:\Users\INTEL-PC\AndroidStudioProjects\jita2\\gradle\wrapper\gradle-wrapper.jar
PATH=C:\Program Files\Common Files\Oracle\Java\javapath;C:\WINDOWS\system32;C:\WINDOWS;C:\WINDOWS\System32\Wbem;C:\WINDOWS\System32\WindowsPowerShell\v1.0\;C:\WINDOWS\System32\OpenSSH\;C:\Program Files\dotnet\;C:\Users\INTEL-PC\Downloads\platform-tools-latest-windows\platform-tools;C:\src\flutter\bin;C:\Program Files\Git\cmd;C:\Gradle\gradle-5.6.2-all\gradle-5.6.2\bin;C:\Users\INTEL-PC\AppData\Local\Programs\Python\Python313\Scripts\;C:\Users\INTEL-PC\AppData\Local\Programs\Python\Python313\;C:\Users\INTEL-PC\AppData\Local\Programs\Python\Launcher\;C:\Users\INTEL-PC\AppData\Local\Microsoft\WindowsApps;C:\Users\INTEL-PC\AppData\Local\Programs\Microsoft VS Code\bin;C:\src\flutter\bin
USERNAME=INTEL-PC
OS=Windows_NT
PROCESSOR_IDENTIFIER=Intel64 Family 6 Model 142 Stepping 10, GenuineIntel
TMP=C:\Users\INTEL-PC\AppData\Local\Temp
TEMP=C:\Users\INTEL-PC\AppData\Local\Temp




Periodic native trim disabled

---------------  S Y S T E M  ---------------

OS:
 Windows 11 , 64 bit Build 26100 (10.0.26100.3323)
OS uptime: 0 days 13:16 hours

CPU: total 8 (initial active 8) (4 cores per cpu, 2 threads per core) family 6 model 142 stepping 10 microcode 0xf6, cx8, cmov, fxsr, ht, mmx, 3dnowpref, sse, sse2, sse3, ssse3, sse4.1, sse4.2, popcnt, lzcnt, tsc, tscinvbit, avx, avx2, aes, erms, clmul, bmi1, bmi2, rtm, adx, fma, vzeroupper, clflush, clflushopt, rdtscp, f16c
Processor Information for the first 8 processors :
  Max Mhz: 1896, Current Mhz: 1696, Mhz Limit: 1687

Memory: 4k page, system-wide physical 8035M (1018M free)
TotalPageFile size 20454M (AvailPageFile size 37M)
current process WorkingSet (physical memory assigned to process): 215M, peak: 215M
current process commit charge ("private bytes"): 303M, peak: 314M

vm_info: Java HotSpot(TM) 64-Bit Server VM (24+36-3646) for windows-amd64 JRE (24+36-3646), built on 2025-02-06T00:20:43Z with MS VC++ 17.6 (VS2022)

END.
